C251 COMPILER V5.60.0,  delay                                                              18/05/23  11:00:21  PAGE 1   


C251 COMPILER V5.60.0, COMPILATION OF MODULE delay
OBJECT MODULE PLACED IN .\Objects\delay.obj
COMPILER INVOKED BY: E:\Keil_v5\C251\BIN\C251.EXE delay.c INTR2 BROWSE DEBUG PRINT(.\Listings\delay.lst) OBJECT(.\Object
                    -s\delay.obj) 

stmt  level    source

    1          #include "delay.h" 
    2          /*--------------------------------------------------------------*/
    3          /* --- -----------------实验内容 -------------------------------*/
    4          /* --- 1-了解STC-ISP工具生产延时函数方法 -----------------------*/
    5          /* --- 2-掌握子函数的创建与调用---------------------------------*/
    6          /* --- 实验平台：未来电子STC32核心板----------------------------*/
    7          /* --- 视频学习：https://space.bilibili.com/494969171 ----------*/
    8          /* --- QQ交流群：702805632 -------------------------------------*/
    9          /* --- 参考资料：STC32实验室参考例程 ---------------------------*/
   10          /*--------------------------------------------------------------*/
   11          
   12          #define MAIN_Fosc        24000000UL   //定义主时钟 
   13          
   14          //========================================================================
   15          // 函数: void delay_ms(u8 ms)
   16          // 描述: 延时函数。
   17          // 参数: ms,要延时的ms数 自动适应主时钟.
   18          // 返回: none.
   19          // 版本: VER1.0
   20          // 日期: 2022-9-24
   21          // 备注: 
   22          //========================================================================
   23          void delay_ms(unsigned int ms)
   24          {
   25   1          unsigned int  i;
   26   1          do{
   27   2              i = MAIN_Fosc / 6000;
   28   2              while(--i);   //6T per loop
   29   2            }while(--ms);
   30   1      }
   31          void Delay100ms(void)           //@24.000MHz
   32          {
   33   1              unsigned char i, j, k;
   34   1      
   35   1              _nop_();
   36   1              _nop_();
   37   1              i = 13;
   38   1              j = 45;
   39   1              k = 214;
   40   1              do
   41   1              {
   42   2                      do
   43   2                      {
   44   3                              while (--k);
   45   3                      } while (--j);
   46   2              } while (--i);
   47   1      }
   48          
   49          
   50          
   51          
   52          
   53          


Module Information          Static   Overlayable
------------------------------------------------
  code size            =        56     ------
  ecode size           =    ------     ------
C251 COMPILER V5.60.0,  delay                                                              18/05/23  11:00:21  PAGE 2   

  data size            =    ------     ------
  idata size           =    ------     ------
  pdata size           =    ------     ------
  xdata size           =    ------     ------
  xdata-const size     =    ------     ------
  edata size           =    ------     ------
  bit size             =    ------     ------
  ebit size            =    ------     ------
  bitaddressable size  =    ------     ------
  ebitaddressable size =    ------     ------
  far data size        =    ------     ------
  huge data size       =    ------     ------
  const size           =    ------     ------
  hconst size          =    ------     ------
End of Module Information.


C251 COMPILATION COMPLETE.  0 WARNING(S),  0 ERROR(S)
