C251 COMPILER V5.60.0,  motor                                                              18/05/23  11:19:01  PAGE 1   


C251 COMPILER V5.60.0, COMPILATION OF MODULE motor
OBJECT MODULE PLACED IN .\Objects\motor.obj
COMPILER INVOKED BY: E:\Keil_v5\C251\BIN\C251.EXE motor.c INTR2 BROWSE DEBUG PRINT(.\Listings\motor.lst) OBJECT(.\Object
                    -s\motor.obj) 

stmt  level    source

    1          #include "motor.h" 
    2          #include "delay.h"  
    3          #include "timer.h"  
    4          
    5          /***************************电机端口定义*************************************/
    6          sbit LH_B=P2^1;
    7          sbit LH_F=P2^0; 
    8          
    9          sbit RH_F=P2^3;
   10          sbit RH_B=P2^2;
   11          
   12          sbit RQ_F=P1^5;
   13          sbit RQ_B=P1^4;
   14          
   15          sbit LQ_F=P1^6;
   16          sbit LQ_B=P1^7;  
   17          
   18          //========================================================================
   19          // 函数: void Motor_Init_Port(void)
   20          // 描述: 延时函数。
   21          // 参数: 初始化电机端口
   22          // 返回: none.
   23          // 版本: VER1.0
   24          // 日期: 2022-9-24
   25          // 备注: 
   26          //======================================================================== 
   27          void Motor_Init_Port(void)
   28          {
   29   1                      P2M0 = 0x0F;        
   30   1              P2M1 = 0x00;    
   31   1              
   32   1                      P1M0 = 0xF0;        
   33   1              P1M1 = 0x00;     
   34   1              
   35   1                delay_ms(50); //等待稳定
   36   1      }
   37          //========================================================================
   38          // 函数: void Car_Forword(void)
   39          // 描述: 前进
   40          // 参数:  pwm_perent 占空比百分比
   41          // 返回: none.
   42          // 版本: VER1.0
   43          // 日期: 2022-9-24
   44          // 备注: 
   45          //========================================================================      
   46          void Car_Forword(uint8 pwm_perent)//前进
   47          {  
   48   1              
   49   1       PWM_Count = pwm_perent;
   50   1              
   51   1              LH_B=0;  
   52   1              LH_F=1;
   53   1              
   54   1              RH_F=1;  
   55   1              RH_B=0;
   56   1              
   57   1              RQ_F=0;
   58   1              RQ_B=1;
C251 COMPILER V5.60.0,  motor                                                              18/05/23  11:19:01  PAGE 2   

   59   1              
   60   1              LQ_F=0;
   61   1              LQ_B=1;
   62   1      }
   63          //========================================================================
   64          // 函数: void Car_Back(void)
   65          // 描述: 后退
   66          // 参数: pwm_perent 占空比百分比
   67          // 返回: none.
   68          // 版本: VER1.0
   69          // 日期: 2022-9-24
   70          // 备注: 
   71          //========================================================================      
   72          void Car_Back(uint8 pwm_perent)//后退
   73          { 
   74   1       PWM_Count = pwm_perent; 
   75   1              
   76   1              LH_B=1;  
   77   1              LH_F=0; 
   78   1              
   79   1              LQ_F=1;
   80   1              LQ_B=0;  
   81   1              
   82   1              RH_F=0;  
   83   1              RH_B=1;
   84   1              
   85   1              RQ_F=1;
   86   1              RQ_B=0;
   87   1              
   88   1      }
   89          //========================================================================
   90          // 函数: void Car_Turn_Left(void)
   91          // 描述: 左转
   92          // 参数: pwm_perent 占空比百分比
   93          // 返回: none.
   94          // 版本: VER1.0
   95          // 日期: 2022-9-24
   96          // 备注: 
   97          //========================================================================      
   98          void Car_Turn_Left(uint8 pwm_perent)//左转
   99          {
  100   1        PWM_Count = pwm_perent;  
  101   1              
  102   1              LH_B=1;  
  103   1              LH_F=0; //1
  104   1              
  105   1              LQ_F=1;
  106   1              LQ_B=0;  
  107   1              
  108   1              RH_F=1;  
  109   1              RH_B=0;
  110   1              
  111   1              RQ_F=0;
  112   1              RQ_B=1;
  113   1              
  114   1      }
  115          //========================================================================
  116          // 函数: void Car_Turn_Right(void)
  117          // 描述: 右转
  118          // 参数: pwm_perent 占空比百分比
  119          // 返回: none.
  120          // 版本: VER1.0
  121          // 日期: 2022-9-24
  122          // 备注: 
  123          //========================================================================      
  124          void Car_Turn_Right(uint8 pwm_perent)//右转
C251 COMPILER V5.60.0,  motor                                                              18/05/23  11:19:01  PAGE 3   

  125          {
  126   1        PWM_Count = pwm_perent; 
  127   1              
  128   1              LQ_F=0;
  129   1              LQ_B=1; 
  130   1              
  131   1              LH_B=0;  
  132   1              LH_F=1;
  133   1              
  134   1              RH_F=1;  
  135   1              RH_B=0;
  136   1              
  137   1              RQ_F=1;
  138   1              RQ_B=0;
  139   1      
  140   1      }
  141          
  142          //void Car_Turn_Right1(uint8 pwm_perent)//右转
  143          //{
  144          //  PWM_Count = pwm_perent; 
  145          //      
  146          //      LQ_F=0;
  147          //      LQ_B=1; 
  148          //      
  149          //      LH_B=0;  
  150          //      LH_F=1;
  151          //      
  152          //      RH_F=1;  
  153          //      RH_B=1;
  154          //      
  155          //      RQ_F=1;
  156          //      RQ_B=0;
  157          
  158          //}
  159          //========================================================================
  160          // 函数: void Car_Stop(void)
  161          // 描述: 右转
  162          // 参数: pwm_perent 占空比百分比
  163          // 返回: none.
  164          // 版本: VER1.0
  165          // 日期: 2022-9-24
  166          // 备注: 
  167          //========================================================================      
  168          void Car_Stop(void)//停止
  169          { 
  170   1              
  171   1              LH_B=0;  
  172   1              LH_F=0;
  173   1              
  174   1              RH_F=0;  
  175   1              RH_B=0;
  176   1              
  177   1              RQ_F=0;
  178   1              RQ_B=0;
  179   1              
  180   1              LQ_F=0;
  181   1              LQ_B=0;
  182   1      }
  183          
  184          
  185          
  186          
  187          
  188          
  189          
  190          
C251 COMPILER V5.60.0,  motor                                                              18/05/23  11:19:01  PAGE 4   

  191          
  192          
  193          
  194          
  195          
  196          
  197          
  198          
  199          
  200          
  201          
  202          
  203          
  204          
  205          
  206          
  207          
  208          
  209          
  210          
  211          
  212          
  213          
  214          
  215          
  216          
  217          
  218          


Module Information          Static   Overlayable
------------------------------------------------
  code size            =       116     ------
  ecode size           =    ------     ------
  data size            =    ------     ------
  idata size           =    ------     ------
  pdata size           =    ------     ------
  xdata size           =    ------     ------
  xdata-const size     =    ------     ------
  edata size           =    ------     ------
  bit size             =    ------     ------
  ebit size            =    ------     ------
  bitaddressable size  =    ------     ------
  ebitaddressable size =    ------     ------
  far data size        =    ------     ------
  huge data size       =    ------     ------
  const size           =    ------     ------
  hconst size          =    ------     ------
End of Module Information.


C251 COMPILATION COMPLETE.  0 WARNING(S),  0 ERROR(S)
